E:\CIS 6 INTRO TO COMPUTER PROGRAMMING\LAB1E\LAB1E\LAB1E\DEBUG\LAB1E.OBJ
E:\CIS 6 INTRO TO COMPUTER PROGRAMMING\LAB1E\LAB1E\LAB1E\DEBUG\VC110.PDB
E:\CIS 6 INTRO TO COMPUTER PROGRAMMING\LAB1E\LAB1E\DEBUG\LAB1E.ILK
E:\CIS 6 INTRO TO COMPUTER PROGRAMMING\LAB1E\LAB1E\DEBUG\LAB1E.EXE
E:\CIS 6 INTRO TO COMPUTER PROGRAMMING\LAB1E\LAB1E\DEBUG\LAB1E.PDB
E:\CIS 6 Intro to computer programming\lab1e\lab1e\lab1e\Debug\lab1e.obj
E:\CIS 6 Intro to computer programming\lab1e\lab1e\lab1e\Debug\CL.read.1.tlog
E:\CIS 6 Intro to computer programming\lab1e\lab1e\lab1e\Debug\CL.write.1.tlog
E:\CIS 6 Intro to computer programming\lab1e\lab1e\lab1e\Debug\cl.command.1.tlog
E:\CIS 6 Intro to computer programming\lab1e\lab1e\lab1e\Debug\link-rc.read.1.tlog
E:\CIS 6 Intro to computer programming\lab1e\lab1e\lab1e\Debug\link-rc.write.1.tlog
E:\CIS 6 Intro to computer programming\lab1e\lab1e\lab1e\Debug\link-cvtres.read.1.tlog
E:\CIS 6 Intro to computer programming\lab1e\lab1e\lab1e\Debug\link-cvtres.write.1.tlog
E:\CIS 6 Intro to computer programming\lab1e\lab1e\lab1e\Debug\link.read.1.tlog
E:\CIS 6 Intro to computer programming\lab1e\lab1e\lab1e\Debug\link.write.1.tlog
E:\CIS 6 Intro to computer programming\lab1e\lab1e\lab1e\Debug\link.command.1.tlog
E:\CIS 6 Intro to computer programming\lab1e\lab1e\lab1e\Debug\vc110.idb
E:\CIS 6 Intro to computer programming\lab1e\lab1e\lab1e\Debug\vc110.pdb
E:\CIS 6 Intro to computer programming\lab1e\lab1e\Debug\lab1e.pdb
E:\CIS 6 Intro to computer programming\lab1e\lab1e\Debug\lab1e.exe
E:\CIS 6 Intro to computer programming\lab1e\lab1e\Debug\lab1e.ilk
