Build started 4/24/2015 1:09:12 PM.
     1>Project "C:\Users\Lord Yod\Documents\GitHub\CIS-6\Lab4\extra credit - address book\extra credit - address book\extra credit - address book.vcxproj" on node 2 (Rebuild target(s)).
     1>ClCompile:
         H:\Visual Studio 12.0\VC\bin\CL.exe /c /ZI /nologo /W3 /WX- /sdl /Od /Oy- /D CODE_ANALYSIS /D WIN32 /D _DEBUG /D _CONSOLE /D _LIB /D _UNICODE /D UNICODE /Gm /EHsc /RTC1 /MDd /GS /fp:precise /Zc:wchar_t /Zc:forScope /Fo"Debug\\" /Fd"Debug\vc120.pdb" /Gd /TP /analyze /analyze:plugin"H:\Visual Studio 12.0\VC\\bin\localespc.dll" /errorReport:prompt   /analyze:quiet Source.cpp
         Source.cpp
     1>c:\users\lord yod\documents\github\cis-6\lab4\extra credit - address book\extra credit - address book\source.cpp(82): error C2664: 'void chooseMenu(char,AddressBook)' : cannot convert argument 2 from 'AddressBook *' to 'AddressBook'
                 No constructor could take the source type, or constructor overload resolution was ambiguous
     1>c:\users\lord yod\documents\github\cis-6\lab4\extra credit - address book\extra credit - address book\source.cpp(108): error C2228: left of '.printTotal' must have class/struct/union
                 type is 'AddressBook *'
                 did you intend to use '->' instead?
     1>c:\users\lord yod\documents\github\cis-6\lab4\extra credit - address book\extra credit - address book\source.cpp(111): error C2228: left of '.addPerson' must have class/struct/union
                 type is 'AddressBook *'
                 did you intend to use '->' instead?
     1>c:\users\lord yod\documents\github\cis-6\lab4\extra credit - address book\extra credit - address book\source.cpp(114): error C2228: left of '.deletePerson' must have class/struct/union
                 type is 'AddressBook *'
                 did you intend to use '->' instead?
     1>c:\users\lord yod\documents\github\cis-6\lab4\extra credit - address book\extra credit - address book\source.cpp(117): error C2228: left of '.editPerson' must have class/struct/union
                 type is 'AddressBook *'
                 did you intend to use '->' instead?
     1>c:\users\lord yod\documents\github\cis-6\lab4\extra credit - address book\extra credit - address book\source.cpp(120): error C2228: left of '.searchPerson' must have class/struct/union
                 type is 'AddressBook *'
                 did you intend to use '->' instead?
     1>c:\users\lord yod\documents\github\cis-6\lab4\extra credit - address book\extra credit - address book\source.cpp(165): warning C4553: '==' : operator has no effect; did you intend '='?
     1>c:\users\lord yod\documents\github\cis-6\lab4\extra credit - address book\extra credit - address book\source.cpp(173): error C2146: syntax error : missing ';' before identifier 'sure'
     1>c:\users\lord yod\documents\github\cis-6\lab4\extra credit - address book\extra credit - address book\source.cpp(177): error C2065: 'sure' : undeclared identifier
     1>Done Building Project "C:\Users\Lord Yod\Documents\GitHub\CIS-6\Lab4\extra credit - address book\extra credit - address book\extra credit - address book.vcxproj" (Rebuild target(s)) -- FAILED.

Build FAILED.

Time Elapsed 00:00:00.64
