E:\CIS 6 INTRO TO COMPUTER PROGRAMMING\LAB1F\LAB1F\LAB1F\DEBUG\LAB1F.OBJ
E:\CIS 6 INTRO TO COMPUTER PROGRAMMING\LAB1F\LAB1F\LAB1F\DEBUG\VC110.PDB
E:\CIS 6 INTRO TO COMPUTER PROGRAMMING\LAB1F\LAB1F\DEBUG\LAB1F.ILK
E:\CIS 6 INTRO TO COMPUTER PROGRAMMING\LAB1F\LAB1F\DEBUG\LAB1F.EXE
E:\CIS 6 INTRO TO COMPUTER PROGRAMMING\LAB1F\LAB1F\DEBUG\LAB1F.PDB
E:\CIS 6 Intro to computer programming\lab1f\lab1f\lab1f\Debug\lab1f.obj
E:\CIS 6 Intro to computer programming\lab1f\lab1f\lab1f\Debug\CL.read.1.tlog
E:\CIS 6 Intro to computer programming\lab1f\lab1f\lab1f\Debug\CL.write.1.tlog
E:\CIS 6 Intro to computer programming\lab1f\lab1f\lab1f\Debug\cl.command.1.tlog
E:\CIS 6 Intro to computer programming\lab1f\lab1f\lab1f\Debug\link-rc.read.1.tlog
E:\CIS 6 Intro to computer programming\lab1f\lab1f\lab1f\Debug\link-rc.write.1.tlog
E:\CIS 6 Intro to computer programming\lab1f\lab1f\lab1f\Debug\link-cvtres.read.1.tlog
E:\CIS 6 Intro to computer programming\lab1f\lab1f\lab1f\Debug\link-cvtres.write.1.tlog
E:\CIS 6 Intro to computer programming\lab1f\lab1f\lab1f\Debug\link.read.1.tlog
E:\CIS 6 Intro to computer programming\lab1f\lab1f\lab1f\Debug\link.write.1.tlog
E:\CIS 6 Intro to computer programming\lab1f\lab1f\lab1f\Debug\link.command.1.tlog
E:\CIS 6 Intro to computer programming\lab1f\lab1f\lab1f\Debug\vc110.idb
E:\CIS 6 Intro to computer programming\lab1f\lab1f\lab1f\Debug\vc110.pdb
E:\CIS 6 Intro to computer programming\lab1f\lab1f\Debug\lab1f.pdb
E:\CIS 6 Intro to computer programming\lab1f\lab1f\Debug\lab1f.exe
E:\CIS 6 Intro to computer programming\lab1f\lab1f\Debug\lab1f.ilk
